	0.000 ID= 0 Q= 1 Work           4
	0.000 ID= 0 Q= 2 Work           2
	0.000 ID= 0 Q= 3 Work           1
	0.000 ID= 0 Q= 4 Work           1
	0.000 ID= 0      Sleep          9
	0.000 ID= 1      Ask       
	0.000 ID= 1 Q= 3 Receive        4
	0.000 ID= 3      Ask       
	0.000 ID= 3 Q= 2 Receive        2
	0.000 ID= 2      Ask       
	0.000 ID= 2 Q= 1 Receive        1
	0.002 ID= 2      Complete       1
	0.002 ID= 2      Ask       
	0.002 ID= 2 Q= 0 Receive        1
	0.004 ID= 3      Complete       2
	0.005 ID= 2      Complete       1
	0.009 ID= 1      Complete       4
	0.009 ID= 0 Q= 1 Work           5
	0.009 ID= 0      Sleep          1
	0.009 ID= 3      Ask       
	0.009 ID= 3 Q= 0 Receive        5
	0.017 ID= 3      Complete       5
	0.017 ID= 0 Q= 1 Work           1
	0.017 ID= 0 Q= 2 Work           1
	0.017 ID= 0 Q= 3 Work           1
	0.017 ID= 0      End       
	0.017 ID= 2      Ask       
	0.017 ID= 2 Q= 2 Receive        1
	0.017 ID= 1      Ask       
	0.017 ID= 1 Q= 1 Receive        1
	0.017 ID= 3      Ask       
	0.017 ID= 3 Q= 0 Receive        1
	0.021 ID= 2      Complete       1
	0.023 ID= 1      Complete       1
	0.023 ID= 3      Complete       1
Summary:
	Work          8
	Ask           8
	Receive       8
	Complete      8
	Sleep         2
	Thread 1      2
	Thread 2      3
	Thread 3      3
Transactions per second: 341.22